<?xml version="1.0" encoding="UTF-8"?>
<testng-results ignored="0" total="2" passed="2" failed="0" skipped="0">
  <reporter-output>
  </reporter-output>
  <suite started-at="2021-07-26T10:34:32 IST" name="Default suite" finished-at="2021-07-26T10:36:05 IST" duration-ms="93299">
    <groups>
    </groups>
    <test started-at="2021-07-26T10:34:32 IST" name="Default test" finished-at="2021-07-26T10:36:05 IST" duration-ms="93299">
      <class name="com.testCases.LoginPageTest">
        <test-method is-config="true" signature="setup()[pri:0, instance:com.testCases.LoginPageTest@3d680b5a]" started-at="2021-07-26T10:34:32 IST" name="setup" finished-at="2021-07-26T10:35:14 IST" duration-ms="41824" status="PASS">
          <reporter-output>
          </reporter-output>
        </test-method> <!-- setup -->
        <test-method signature="loginPageTitleTest()[pri:1, instance:com.testCases.LoginPageTest@3d680b5a]" started-at="2021-07-26T10:35:14 IST" name="loginPageTitleTest" finished-at="2021-07-26T10:35:19 IST" duration-ms="5140" status="PASS">
          <reporter-output>
          </reporter-output>
        </test-method> <!-- loginPageTitleTest -->
        <test-method is-config="true" signature="close(org.testng.ITestResult)[pri:0, instance:com.testCases.LoginPageTest@3d680b5a]" started-at="2021-07-26T10:35:19 IST" name="close" finished-at="2021-07-26T10:35:24 IST" duration-ms="5026" status="PASS">
          <params>
            <param index="0">
              <value>
                <![CDATA[[TestResult name=loginPageTitleTest status=SUCCESS method=LoginPageTest.loginPageTitleTest()[pri:1, instance:com.testCases.LoginPageTest@3d680b5a] output={null}]]]>
              </value>
            </param>
          </params>
          <reporter-output>
          </reporter-output>
        </test-method> <!-- close -->
        <test-method is-config="true" signature="setup()[pri:0, instance:com.testCases.LoginPageTest@3d680b5a]" started-at="2021-07-26T10:35:24 IST" name="setup" finished-at="2021-07-26T10:35:37 IST" duration-ms="13221" status="PASS">
          <reporter-output>
          </reporter-output>
        </test-method> <!-- setup -->
        <test-method signature="loginTest()[pri:2, instance:com.testCases.LoginPageTest@3d680b5a]" started-at="2021-07-26T10:35:37 IST" name="loginTest" finished-at="2021-07-26T10:35:59 IST" duration-ms="22478" status="PASS">
          <reporter-output>
          </reporter-output>
        </test-method> <!-- loginTest -->
        <test-method is-config="true" signature="close(org.testng.ITestResult)[pri:0, instance:com.testCases.LoginPageTest@3d680b5a]" started-at="2021-07-26T10:35:59 IST" name="close" finished-at="2021-07-26T10:36:05 IST" duration-ms="5394" status="PASS">
          <params>
            <param index="0">
              <value>
                <![CDATA[[TestResult name=loginTest status=SUCCESS method=LoginPageTest.loginTest()[pri:2, instance:com.testCases.LoginPageTest@3d680b5a] output={null}]]]>
              </value>
            </param>
          </params>
          <reporter-output>
          </reporter-output>
        </test-method> <!-- close -->
      </class> <!-- com.testCases.LoginPageTest -->
    </test> <!-- Default test -->
  </suite> <!-- Default suite -->
</testng-results>
